TN:
SF:src\App.tsx
FN:6,(anonymous_0)
FN:8,App
FNF:2
FNH:2
FNDA:1,(anonymous_0)
FNDA:1,App
DA:6,1
DA:9,1
LF:2
LH:2
BRF:0
BRH:0
end_of_record
TN:
SF:src\testUtils.tsx
FN:21,renderWithProviders
FN:26,(anonymous_1)
FNF:2
FNH:2
FNDA:1,renderWithProviders
FNDA:1,(anonymous_1)
DA:6,3
DA:15,3
DA:16,3
DA:18,3
DA:19,3
DA:25,1
DA:27,1
LF:7
LH:7
BRDA:23,0,0,0
BRDA:28,1,0,0
BRDA:28,1,1,1
BRF:3
BRH:1
end_of_record
TN:
SF:src\utils.ts
FN:4,useMediaQuery
FN:5,(anonymous_1)
FN:7,(anonymous_2)
FN:10,onMediaQueryChange
FN:16,(anonymous_4)
FNF:5
FNH:0
FNDA:0,useMediaQuery
FNDA:0,(anonymous_1)
FNDA:0,(anonymous_2)
FNDA:0,onMediaQueryChange
FNDA:0,(anonymous_4)
DA:5,0
DA:7,0
DA:8,0
DA:11,0
DA:14,0
DA:16,0
DA:17,0
DA:21,0
LF:8
LH:0
BRF:0
BRH:0
end_of_record
TN:
SF:src\api\getPlaylists.ts
FN:3,getPlaylists
FN:20,(anonymous_1)
FNF:2
FNH:2
FNDA:1,getPlaylists
FNDA:1,(anonymous_1)
DA:10,1
DA:20,1
DA:23,1
LF:3
LH:3
BRF:0
BRH:0
end_of_record
TN:
SF:src\components\LoadingOrError.tsx
FN:6,LoadingOrError
FNF:1
FNH:1
FNDA:4,LoadingOrError
DA:7,4
DA:15,2
LF:2
LH:2
BRDA:10,0,0,1
BRDA:10,0,1,3
BRF:2
BRH:2
end_of_record
TN:
SF:src\components\Playlist.tsx
FN:9,Playlist
FNF:1
FNH:1
FNDA:1,Playlist
DA:13,1
LF:1
LH:1
BRF:0
BRH:0
end_of_record
TN:
SF:src\mocks\handlers.ts
FN:5,(anonymous_0)
FNF:1
FNH:0
FNDA:0,(anonymous_0)
DA:4,3
DA:6,0
LF:2
LH:1
BRF:0
BRH:0
end_of_record
TN:
SF:src\mocks\server.ts
FNF:0
FNH:0
DA:4,3
LF:1
LH:1
BRF:0
BRH:0
end_of_record
TN:
SF:src\pages\Gallery.tsx
FN:7,GalleryPage
FN:18,(anonymous_1)
FNF:2
FNH:2
FNDA:2,GalleryPage
FNDA:1,(anonymous_1)
DA:8,2
DA:12,2
DA:13,1
DA:16,1
DA:19,1
LF:5
LH:5
BRDA:12,0,0,1
BRDA:12,0,1,1
BRDA:12,1,0,2
BRDA:12,1,1,1
BRF:4
BRH:4
end_of_record
